#
# There is insufficient memory for the Java Runtime Environment to continue.
# Native memory allocation (mmap) failed to map 266338304 bytes for G1 virtual space
# Possible reasons:
#   The system is out of physical RAM or swap space
#   The process is running with CompressedOops enabled, and the Java Heap may be blocking the growth of the native heap
# Possible solutions:
#   Reduce memory load on the system
#   Increase physical memory or swap space
#   Check if swap backing store is full
#   Decrease Java heap size (-Xmx/-Xms)
#   Decrease number of Java threads
#   Decrease Java thread stack sizes (-Xss)
#   Set larger code cache with -XX:ReservedCodeCacheSize=
#   JVM is running with Zero Based Compressed Oops mode in which the Java heap is
#     placed in the first 32GB address space. The Java Heap base address is the
#     maximum limit for the native heap growth. Please use -XX:HeapBaseMinAddress
#     to set the Java Heap base and to place the Java Heap above 32GB virtual address.
# This output file may be truncated or incomplete.
#
#  Out of Memory Error (os_windows.cpp:3552), pid=20588, tid=5732
#
# JRE version:  (17.0.9+11) (build )
# Java VM: Java HotSpot(TM) 64-Bit Server VM (17.0.9+11-LTS-201, mixed mode, sharing, tiered, compressed oops, compressed class ptrs, g1 gc, windows-amd64)
# No core dump will be written. Minidumps are not enabled by default on client versions of Windows
#

---------------  S U M M A R Y ------------

Command Line: org.jetbrains.kotlin.cli.jvm.K2JVMCompiler @C:\Users\Dell\IdeaProjects\kotlin-app\build\20240830_7847576702781301801.compiler.options

Host: Intel(R) Core(TM) i7-8850H CPU @ 2.60GHz, 12 cores, 15G,  Windows 10 , 64 bit Build 19041 (10.0.19041.4717)
Time: Fri Aug 30 13:17:55 2024  Windows 10 , 64 bit Build 19041 (10.0.19041.4717) elapsed time: 0.011465 seconds (0d 0h 0m 0s)

---------------  T H R E A D  ---------------

Current thread (0x0000012464e84dd0):  JavaThread "Unknown thread" [_thread_in_vm, id=5732, stack(0x000000038ae00000,0x000000038af00000)]

Stack: [0x000000038ae00000,0x000000038af00000]
Native frames: (J=compiled Java code, j=interpreted, Vv=VM code, C=native code)
V  [jvm.dll+0x678a4a]
V  [jvm.dll+0x7d9cfd]
V  [jvm.dll+0x7db60e]
V  [jvm.dll+0x7dbc73]
V  [jvm.dll+0x245e1f]
V  [jvm.dll+0x6758f9]
V  [jvm.dll+0x66a2a2]
V  [jvm.dll+0x303686]
V  [jvm.dll+0x30ac06]
V  [jvm.dll+0x35a48e]
V  [jvm.dll+0x35a6bf]
V  [jvm.dll+0x2da678]
V  [jvm.dll+0x2db5e4]
V  [jvm.dll+0x7ab6b1]
V  [jvm.dll+0x368041]
V  [jvm.dll+0x78a749]
V  [jvm.dll+0x3ebd4f]
V  [jvm.dll+0x3ed7d1]
C  [jli.dll+0x5297]
C  [ucrtbase.dll+0x21bb2]
C  [KERNEL32.DLL+0x17374]
C  [ntdll.dll+0x4cc91]


---------------  P R O C E S S  ---------------

Threads class SMR info:
_java_thread_list=0x00007ffec08389d8, length=0, elements={
}

Java Threads: ( => current thread )

Other Threads:
  0x0000012464eeee00 GCTaskThread "GC Thread#0" [stack: 0x000000038af00000,0x000000038b000000] [id=17044]
  0x0000012464f00cf0 ConcurrentGCThread "G1 Main Marker" [stack: 0x000000038b000000,0x000000038b100000] [id=21348]
  0x0000012464f02620 ConcurrentGCThread "G1 Conc#0" [stack: 0x000000038b100000,0x000000038b200000] [id=10780]

[error occurred during error reporting (printing all threads), id 0xc0000005, EXCEPTION_ACCESS_VIOLATION (0xc0000005) at pc=0x00007ffec006b2d7]

VM state: not at safepoint (not fully initialized)

VM Mutex/Monitor currently owned by a thread:  ([mutex/lock_event])
[0x0000012464e80aa0] Heap_lock - owner thread: 0x0000012464e84dd0

Heap address: 0x0000000703800000, size: 4040 MB, Compressed Oops mode: Zero based, Oop shift amount: 3

CDS archive(s) mapped at: [0x0000000000000000-0x0000000000000000-0x0000000000000000), size 0, SharedBaseAddress: 0x0000000800000000, ArchiveRelocationMode: 1.
Narrow klass base: 0x0000000000000000, Narrow klass shift: 0, Narrow klass range: 0x0

GC Precious Log:
<Empty>

Heap:
 garbage-first heap   total 0K, used 0K [0x0000000703800000, 0x0000000800000000)
  region size 2048K, 0 young (0K), 0 survivors (0K)

[error occurred during error reporting (printing heap information), id 0xc0000005, EXCEPTION_ACCESS_VIOLATION (0xc0000005) at pc=0x00007ffec0452229]

GC Heap History (0 events):
No events

Deoptimization events (0 events):
No events

Classes unloaded (0 events):
No events

Classes redefined (0 events):
No events

Internal exceptions (0 events):
No events

VM Operations (0 events):
No events

Events (1 events):
Event: 0.006 Loaded shared library C:\Program Files\Java\jdk-17\bin\java.dll


Dynamic libraries:
0x00007ff634000000 - 0x00007ff634010000 	C:\Program Files\Java\jdk-17\bin\java.exe
0x00007fff06830000 - 0x00007fff06a28000 	C:\Windows\SYSTEM32\ntdll.dll
0x00007fff04900000 - 0x00007fff049c1000 	C:\Windows\System32\KERNEL32.DLL
0x00007fff04260000 - 0x00007fff0455d000 	C:\Windows\System32\KERNELBASE.dll
0x00007fff03ee0000 - 0x00007fff03fe0000 	C:\Windows\System32\ucrtbase.dll
0x00007ffee9230000 - 0x00007ffee924b000 	C:\Program Files\Java\jdk-17\bin\VCRUNTIME140.dll
0x00007ffee9250000 - 0x00007ffee9269000 	C:\Program Files\Java\jdk-17\bin\jli.dll
0x00007fff056b0000 - 0x00007fff05760000 	C:\Windows\System32\ADVAPI32.dll
0x00007fff06750000 - 0x00007fff067ee000 	C:\Windows\System32\msvcrt.dll
0x00007fff04860000 - 0x00007fff04900000 	C:\Windows\System32\sechost.dll
0x00007fff06480000 - 0x00007fff065a3000 	C:\Windows\System32\RPCRT4.dll
0x00007fff03fe0000 - 0x00007fff04007000 	C:\Windows\System32\bcrypt.dll
0x00007fff065b0000 - 0x00007fff0674d000 	C:\Windows\System32\USER32.dll
0x00007fff04830000 - 0x00007fff04852000 	C:\Windows\System32\win32u.dll
0x00007ffeea5e0000 - 0x00007ffeea87a000 	C:\Windows\WinSxS\amd64_microsoft.windows.common-controls_6595b64144ccf1df_6.0.19041.4355_none_60b8b9eb71f62e16\COMCTL32.dll
0x00007fff04ca0000 - 0x00007fff04ccb000 	C:\Windows\System32\GDI32.dll
0x00007fff045b0000 - 0x00007fff046c7000 	C:\Windows\System32\gdi32full.dll
0x00007fff041c0000 - 0x00007fff0425d000 	C:\Windows\System32\msvcp_win.dll
0x00007ffeff010000 - 0x00007ffeff01a000 	C:\Windows\SYSTEM32\VERSION.dll
0x00007fff04ac0000 - 0x00007fff04aef000 	C:\Windows\System32\IMM32.DLL
0x00007ffee4870000 - 0x00007ffee487c000 	C:\Program Files\Java\jdk-17\bin\vcruntime140_1.dll
0x00007ffec3de0000 - 0x00007ffec3e6e000 	C:\Program Files\Java\jdk-17\bin\msvcp140.dll
0x00007ffebfd80000 - 0x00007ffec0961000 	C:\Program Files\Java\jdk-17\bin\server\jvm.dll
0x00007fff05060000 - 0x00007fff05068000 	C:\Windows\System32\PSAPI.DLL
0x00007ffeffa90000 - 0x00007ffeffa99000 	C:\Windows\SYSTEM32\WSOCK32.dll
0x00007ffef9bc0000 - 0x00007ffef9be7000 	C:\Windows\SYSTEM32\WINMM.dll
0x00007fff04e70000 - 0x00007fff04edb000 	C:\Windows\System32\WS2_32.dll
0x00007fff01d00000 - 0x00007fff01d12000 	C:\Windows\SYSTEM32\kernel.appcore.dll
0x00007ffee47e0000 - 0x00007ffee47ea000 	C:\Program Files\Java\jdk-17\bin\jimage.dll
0x00007ffefb290000 - 0x00007ffefb474000 	C:\Windows\SYSTEM32\DBGHELP.DLL
0x00007ffef3520000 - 0x00007ffef3554000 	C:\Windows\SYSTEM32\dbgcore.DLL
0x00007fff04010000 - 0x00007fff04092000 	C:\Windows\System32\bcryptPrimitives.dll
0x00007ffed3f20000 - 0x00007ffed3f45000 	C:\Program Files\Java\jdk-17\bin\java.dll

dbghelp: loaded successfully - version: 4.0.5 - missing functions: none
symbol engine: initialized successfully - sym options: 0x614 - pdb path: .;C:\Program Files\Java\jdk-17\bin;C:\Windows\SYSTEM32;C:\Windows\WinSxS\amd64_microsoft.windows.common-controls_6595b64144ccf1df_6.0.19041.4355_none_60b8b9eb71f62e16;C:\Program Files\Java\jdk-17\bin\server

VM Arguments:
java_command: org.jetbrains.kotlin.cli.jvm.K2JVMCompiler @C:\Users\Dell\IdeaProjects\kotlin-app\build\20240830_7847576702781301801.compiler.options
java_class_path (initial): C:\Users\Dell\.gradle\caches\modules-2\files-2.1\org.jetbrains.kotlin\kotlin-compiler-embeddable\1.9.23\460f3eeb4ac5383e60a09898bafa9b63838cc2ea\kotlin-compiler-embeddable-1.9.23.jar;C:\Users\Dell\.gradle\caches\modules-2\files-2.1\org.jetbrains.kotlin\kotlin-stdlib\1.9.23\dbaadea1f5e68f790d242a91a38355a83ec38747\kotlin-stdlib-1.9.23.jar;C:\Users\Dell\.gradle\caches\modules-2\files-2.1\org.jetbrains.kotlin\kotlin-script-runtime\1.9.23\1375a7343d05891119fac57f8b50a7578420ac27\kotlin-script-runtime-1.9.23.jar;C:\Users\Dell\.gradle\caches\modules-2\files-2.1\org.jetbrains.kotlin\kotlin-reflect\1.6.10\1cbe9c92c12a94eea200d23c2bbaedaf3daf5132\kotlin-reflect-1.6.10.jar;C:\Users\Dell\.gradle\caches\modules-2\files-2.1\org.jetbrains.kotlin\kotlin-daemon-embeddable\1.9.23\a6ad5e888015dc4f9eb828ea753167f256093c6a\kotlin-daemon-embeddable-1.9.23.jar;C:\Users\Dell\.gradle\caches\modules-2\files-2.1\org.jetbrains.intellij.deps\trove4j\1.0.20200330\3afb14d5f9ceb459d724e907a21145e8ff394f02\trove4j-1.0.20200330.jar;C:\Users\Dell\.gradle\caches\modules-2\files-2.1\org.jetbrains\annotations\13.0\919f0dfe192fb4e063e7dacadee7f8bb9a2672a9\annotations-13.0.jar
Launcher Type: SUN_STANDARD

[Global flags]
     intx CICompilerCount                          = 4                                         {product} {ergonomic}
     uint ConcGCThreads                            = 3                                         {product} {ergonomic}
     uint G1ConcRefinementThreads                  = 10                                        {product} {ergonomic}
   size_t G1HeapRegionSize                         = 2097152                                   {product} {ergonomic}
    uintx GCDrainStackTargetSize                   = 64                                        {product} {ergonomic}
   size_t InitialHeapSize                          = 266338304                                 {product} {ergonomic}
   size_t MarkStackSize                            = 4194304                                   {product} {ergonomic}
   size_t MaxHeapSize                              = 4236247040                                {product} {ergonomic}
   size_t MinHeapDeltaBytes                        = 2097152                                   {product} {ergonomic}
   size_t MinHeapSize                              = 8388608                                   {product} {ergonomic}
    uintx NonNMethodCodeHeapSize                   = 5839372                                {pd product} {ergonomic}
    uintx NonProfiledCodeHeapSize                  = 122909434                              {pd product} {ergonomic}
    uintx ProfiledCodeHeapSize                     = 122909434                              {pd product} {ergonomic}
    uintx ReservedCodeCacheSize                    = 251658240                              {pd product} {ergonomic}
     bool SegmentedCodeCache                       = true                                      {product} {ergonomic}
   size_t SoftMaxHeapSize                          = 4236247040                             {manageable} {ergonomic}
     bool UseCompressedClassPointers               = true                           {product lp64_product} {ergonomic}
     bool UseCompressedOops                        = true                           {product lp64_product} {ergonomic}
     bool UseG1GC                                  = true                                      {product} {ergonomic}
     bool UseLargePagesIndividualAllocation        = false                                  {pd product} {ergonomic}

Logging:
Log output configuration:
 #0: stdout all=warning uptime,level,tags
 #1: stderr all=off uptime,level,tags

Environment Variables:
JAVA_HOME=C:\Program Files\Java\jdk-17
PATH=C:\Program Files\Common Files\Oracle\Java\javapath;C:\Windows\system32;C:\Windows;C:\Windows\System32\Wbem;C:\Windows\System32\WindowsPowerShell\v1.0\;C:\Windows\System32\OpenSSH\;C:\Program Files (x86)\NVIDIA Corporation\PhysX\Common;C:\Program Files\Java\jdk-17\bin;C:\Program Files\Maven\apache-maven-3.9.6\bin;C:\Program Files\Docker\Docker\resources\bin;C:\Program Files\dotnet\;C:\Program Files\Git\cmd;C:\Program Files\MySQL\MySQL Shell 8.0\bin\;C:\Users\Dell\AppData\Local\Microsoft\WindowsApps;;C:\Users\Dell\AppData\Roaming\Programs\Zero Install
USERNAME=Dell
OS=Windows_NT
PROCESSOR_IDENTIFIER=Intel64 Family 6 Model 158 Stepping 10, GenuineIntel



---------------  S Y S T E M  ---------------

OS:
 Windows 10 , 64 bit Build 19041 (10.0.19041.4717)
OS uptime: 0 days 1:54 hours
Hyper-V role detected

CPU: total 12 (initial active 12) (6 cores per cpu, 2 threads per core) family 6 model 158 stepping 10 microcode 0xf8, cx8, cmov, fxsr, ht, mmx, 3dnowpref, sse, sse2, sse3, ssse3, sse4.1, sse4.2, popcnt, lzcnt, tsc, tscinvbit, avx, avx2, aes, erms, clmul, bmi1, bmi2, rtm, adx, fma, vzeroupper, clflush, clflushopt, hv

Memory: 4k page, system-wide physical 16158M (1008M free)
TotalPageFile size 18198M (AvailPageFile size 113M)
current process WorkingSet (physical memory assigned to process): 10M, peak: 10M
current process commit charge ("private bytes"): 64M, peak: 318M

vm_info: Java HotSpot(TM) 64-Bit Server VM (17.0.9+11-LTS-201) for windows-amd64 JRE (17.0.9+11-LTS-201), built on Oct 10 2023 23:16:06 by "mach5one" with MS VC++ 17.1 (VS2022)

END.
